Electrostatic potential parameters

Grid information (see 1_default_grid.dat in Angstrom)
    Number of grid points:            1089

Quantum electrostatic potential (see 1_default_grid_esp.dat)

Constraints
    Charge constraints
        Total charge of   0.07053651 on the set   2
        Total charge of   0.08506000 on the set   3
        Total charge of  -0.47140682 on the set   4
        Total charge of   0.12577566 on the set   5
        Total charge of  -0.10083340 on the set   6
        Total charge of   0.36409384 on the set   7
        Total charge of  -0.49600886 on the set   8
        Total charge of  -0.04595353 on the set   9
        Total charge of   0.36252426 on the set  10
        Total charge of  -0.52858773 on the set  11
        Total charge of   0.02500921 on the set  12
        Total charge of   0.17305126 on the set  18
    Equality constraints
        Equal charges on atoms
                                 15  16  17
                                 19  20  21
                                 22  23  24

Restraint
    Hyperbolic restraint to a charge of zero
    Hydrogen atoms are not restrained
    resp_a:                           0.0010
    resp_b:                           0.1000

Fit

Electrostatic Potential Charges
   Center  Symbol       ESP      RESP
      1    C      -0.23874233 -0.20126204
      2    N       0.07053651  0.07053651
      3    C       0.08506000  0.08506000
      4    N      -0.47140682 -0.47140682
      5    C       0.12577566  0.12577566
      6    C      -0.10083340 -0.10083340
      7    C       0.36409384  0.36409384
      8    O      -0.49600886 -0.49600886
      9    N      -0.04595353 -0.04595353
     10    C       0.36252426  0.36252426
     11    O      -0.52858773 -0.52858773
     12    N       0.02500921  0.02500921
     13    C       0.03219232  0.00605381
     14    C      -0.04516962 -0.03375547
     15    H       0.12211284  0.11036604
     16    H       0.12211284  0.11036604
     17    H       0.12211284  0.11036604
     18    H       0.17305126  0.17305126
     19    H       0.04252296  0.05004310
     20    H       0.04252296  0.05004310
     21    H       0.04252296  0.05004310
     22    H       0.06485062  0.06149196
     23    H       0.06485062  0.06149196
     24    H       0.06485062  0.06149196
Total Charge:      0.00000000  0.00000000
